Nov-10 09:59:59.053 [main] DEBUG nextflow.cli.Launcher - $> nextflow run helloworld
Nov-10 09:59:59.079 [main] INFO  nextflow.cli.CmdRun - N E X T F L O W  ~  version 23.04.4
Nov-10 09:59:59.089 [main] DEBUG nextflow.plugin.PluginsFacade - Setting up plugin manager > mode=prod; embedded=false; plugins-dir=/Users/rasmuskopperudriis/.nextflow/plugins; core-plugins: nf-amazon@1.16.2,nf-azure@1.0.1,nf-codecommit@0.1.4,nf-console@1.0.5,nf-ga4gh@1.0.5,nf-google@1.7.3-patch1,nf-tower@1.5.12,nf-wave@0.8.4
Nov-10 09:59:59.093 [main] INFO  org.pf4j.DefaultPluginStatusProvider - Enabled plugins: []
Nov-10 09:59:59.093 [main] INFO  org.pf4j.DefaultPluginStatusProvider - Disabled plugins: []
Nov-10 09:59:59.094 [main] INFO  org.pf4j.DefaultPluginManager - PF4J version 3.4.1 in 'deployment' mode
Nov-10 09:59:59.098 [main] INFO  org.pf4j.AbstractPluginManager - No plugins
Nov-10 09:59:59.104 [main] DEBUG nextflow.scm.ProviderConfig - Using SCM config path: /Users/rasmuskopperudriis/.nextflow/scm
Nov-10 09:59:59.107 [main] DEBUG nextflow.scm.AssetManager - Listing projects in folder: /Users/rasmuskopperudriis/.nextflow/assets
Nov-10 09:59:59.115 [main] DEBUG nextflow.scm.RepositoryFactory - Found Git repository result: [RepositoryFactory]
Nov-10 09:59:59.119 [main] INFO  nextflow.cli.CmdRun - Pulling nextflow-io/helloworld ...
Nov-10 09:59:59.119 [main] DEBUG nextflow.scm.RepositoryProvider - Request [credentials -:-] -> https://api.github.com/repos/nextflow-io/helloworld/contents/nextflow.config
Nov-10 10:00:00.084 [main] DEBUG nextflow.scm.RepositoryProvider - Request [credentials -:-] -> https://api.github.com/repos/nextflow-io/helloworld/contents/main.nf
Nov-10 10:00:01.297 [main] DEBUG nextflow.scm.RepositoryProvider - Request [credentials -:-] -> https://api.github.com/repos/nextflow-io/helloworld
Nov-10 10:00:02.312 [main] DEBUG nextflow.scm.AssetManager - Pulling nextflow-io/helloworld -- Using remote clone url: https://github.com/nextflow-io/hello.git
Nov-10 10:00:03.649 [main] INFO  nextflow.cli.CmdRun -  downloaded from https://github.com/nextflow-io/hello.git
Nov-10 10:00:03.667 [main] DEBUG nextflow.config.ConfigBuilder - Found config base: /Users/rasmuskopperudriis/.nextflow/assets/nextflow-io/helloworld/nextflow.config
Nov-10 10:00:03.668 [main] DEBUG nextflow.config.ConfigBuilder - Parsing config file: /Users/rasmuskopperudriis/.nextflow/assets/nextflow-io/helloworld/nextflow.config
Nov-10 10:00:03.671 [main] DEBUG nextflow.config.ConfigBuilder - Applying config profile: `standard`
Nov-10 10:00:03.686 [main] DEBUG nextflow.cli.CmdRun - Applied DSL=2 from script declararion
Nov-10 10:00:03.687 [main] INFO  nextflow.cli.CmdRun - Launching `https://github.com/nextflow-io/helloworld` [compassionate_mcclintock] DSL2 - revision: 1d71f857bb [master]
Nov-10 10:00:03.687 [main] DEBUG nextflow.plugin.PluginsFacade - Plugins default=[]
Nov-10 10:00:03.687 [main] DEBUG nextflow.plugin.PluginsFacade - Plugins resolved requirement=[]
Nov-10 10:00:03.688 [main] DEBUG nextflow.secret.LocalSecretsProvider - Secrets store: /Users/rasmuskopperudriis/.nextflow/secrets/store.json
Nov-10 10:00:03.689 [main] DEBUG nextflow.secret.SecretsLoader - Discovered secrets providers: [nextflow.secret.LocalSecretsProvider@35bfa1bb] - activable => nextflow.secret.LocalSecretsProvider@35bfa1bb
Nov-10 10:00:03.715 [main] DEBUG nextflow.Session - Session UUID: c1d63fc2-b079-4060-93e3-4f0809e7e2c7
Nov-10 10:00:03.715 [main] DEBUG nextflow.Session - Run name: compassionate_mcclintock
Nov-10 10:00:03.715 [main] DEBUG nextflow.Session - Executor pool size: 8
Nov-10 10:00:03.720 [main] DEBUG nextflow.util.ThreadPoolBuilder - Creating thread pool 'FileTransfer' minSize=10; maxSize=24; workQueue=LinkedBlockingQueue[10000]; allowCoreThreadTimeout=false
Nov-10 10:00:03.858 [main] DEBUG nextflow.cli.CmdRun - 
  Version: 23.04.4 build 5881
  Created: 25-09-2023 15:34 UTC (17:34 CEST)
  System: Mac OS X 14.0
  Runtime: Groovy 3.0.16 on Java HotSpot(TM) 64-Bit Server VM 17.0.5+9-LTS-191
  Encoding: UTF-8 (UTF-8)
  Process: 19786@Rasmuss-MacBook-Air.local [127.0.0.1]
  CPUs: 8 - Mem: 16 GB (74.8 MB) - Swap: 7 GB (1.4 GB)
Nov-10 10:00:03.865 [main] DEBUG nextflow.Session - Work-dir: /Users/rasmuskopperudriis/Coding/work_folder/new_influenza_pipeline_docker_github/work [Mac OS X]
Nov-10 10:00:03.865 [main] DEBUG nextflow.Session - Script base path does not exist or is not a directory: /Users/rasmuskopperudriis/.nextflow/assets/nextflow-io/helloworld/bin
Nov-10 10:00:03.869 [main] DEBUG nextflow.executor.ExecutorFactory - Extension executors providers=[]
Nov-10 10:00:03.872 [main] DEBUG nextflow.Session - Observer factory: DefaultObserverFactory
Nov-10 10:00:03.887 [main] DEBUG nextflow.cache.CacheFactory - Using Nextflow cache factory: nextflow.cache.DefaultCacheFactory
Nov-10 10:00:03.891 [main] DEBUG nextflow.util.CustomThreadPool - Creating default thread pool > poolSize: 9; maxThreads: 1000
Nov-10 10:00:03.918 [main] DEBUG nextflow.Session - Session start
Nov-10 10:00:03.996 [main] DEBUG nextflow.script.ScriptRunner - > Launching execution
Nov-10 10:00:04.029 [main] DEBUG nextflow.executor.ExecutorFactory - << taskConfig executor: null
Nov-10 10:00:04.029 [main] DEBUG nextflow.executor.ExecutorFactory - >> processorType: 'local'
Nov-10 10:00:04.032 [main] DEBUG nextflow.executor.Executor - [warm up] executor > local
Nov-10 10:00:04.034 [main] DEBUG n.processor.LocalPollingMonitor - Creating local task monitor for executor 'local' > cpus=8; memory=16 GB; capacity=8; pollInterval=100ms; dumpInterval=5m
Nov-10 10:00:04.068 [main] DEBUG nextflow.Session - Workflow process names [dsl2]: sayHello
Nov-10 10:00:04.068 [main] DEBUG nextflow.Session - Igniting dataflow network (2)
Nov-10 10:00:04.068 [main] DEBUG nextflow.processor.TaskProcessor - Starting process > sayHello
Nov-10 10:00:04.068 [main] DEBUG nextflow.script.ScriptRunner - > Awaiting termination 
Nov-10 10:00:04.068 [main] DEBUG nextflow.Session - Session await
Nov-10 10:00:04.113 [Task submitter] DEBUG n.executor.local.LocalTaskHandler - Launch cmd line: /bin/bash -ue .command.run
Nov-10 10:00:04.114 [Task submitter] INFO  nextflow.Session - [dc/f0457d] Submitted process > sayHello (3)
Nov-10 10:00:04.116 [Task submitter] DEBUG n.executor.local.LocalTaskHandler - Launch cmd line: /bin/bash -ue .command.run
Nov-10 10:00:04.116 [Task submitter] INFO  nextflow.Session - [86/043375] Submitted process > sayHello (4)
Nov-10 10:00:04.118 [Task submitter] DEBUG n.executor.local.LocalTaskHandler - Launch cmd line: /bin/bash -ue .command.run
Nov-10 10:00:04.118 [Task submitter] INFO  nextflow.Session - [f6/620786] Submitted process > sayHello (2)
Nov-10 10:00:04.121 [Task submitter] DEBUG n.executor.local.LocalTaskHandler - Launch cmd line: /bin/bash -ue .command.run
Nov-10 10:00:04.121 [Task submitter] INFO  nextflow.Session - [f5/7550f2] Submitted process > sayHello (1)
Nov-10 10:00:04.354 [Task monitor] DEBUG n.processor.TaskPollingMonitor - Task completed > TaskHandler[id: 4; name: sayHello (4); status: COMPLETED; exit: 0; error: -; workDir: /Users/rasmuskopperudriis/Coding/work_folder/new_influenza_pipeline_docker_github/work/86/04337554dbc36930ab3ae3e94bfc98]
Nov-10 10:00:04.392 [Task monitor] DEBUG n.processor.TaskPollingMonitor - Task completed > TaskHandler[id: 3; name: sayHello (3); status: COMPLETED; exit: 0; error: -; workDir: /Users/rasmuskopperudriis/Coding/work_folder/new_influenza_pipeline_docker_github/work/dc/f0457da192ab50460aa4452c8d8bcd]
Nov-10 10:00:04.430 [Task monitor] DEBUG n.processor.TaskPollingMonitor - Task completed > TaskHandler[id: 2; name: sayHello (2); status: COMPLETED; exit: 0; error: -; workDir: /Users/rasmuskopperudriis/Coding/work_folder/new_influenza_pipeline_docker_github/work/f6/620786214b5a3874445f05ac9c9c02]
Nov-10 10:00:04.470 [Task monitor] DEBUG n.processor.TaskPollingMonitor - Task completed > TaskHandler[id: 1; name: sayHello (1); status: COMPLETED; exit: 0; error: -; workDir: /Users/rasmuskopperudriis/Coding/work_folder/new_influenza_pipeline_docker_github/work/f5/7550f243c3449e3f2475273a909db9]
Nov-10 10:00:04.471 [main] DEBUG nextflow.Session - Session await > all processes finished
Nov-10 10:00:04.472 [main] DEBUG nextflow.Session - Session await > all barriers passed
Nov-10 10:00:04.475 [main] DEBUG nextflow.trace.WorkflowStatsObserver - Workflow completed > WorkflowStats[succeededCount=4; failedCount=0; ignoredCount=0; cachedCount=0; pendingCount=0; submittedCount=0; runningCount=0; retriesCount=0; abortedCount=0; succeedDuration=1.1s; failedDuration=0ms; cachedDuration=0ms;loadCpus=0; loadMemory=0; peakRunning=4; peakCpus=4; peakMemory=0; ]
Nov-10 10:00:04.620 [main] DEBUG nextflow.cache.CacheDB - Closing CacheDB done
Nov-10 10:00:04.636 [main] DEBUG nextflow.util.ThreadPoolManager - Thread pool 'FileTransfer' shutdown completed (hard=false)
Nov-10 10:00:04.636 [main] DEBUG nextflow.script.ScriptRunner - > Execution complete -- Goodbye
