May-15 17:01:00.454 [main] DEBUG nextflow.cli.Launcher - $> nextflow run epi2me-labs/wf-flu --fastq ./Grid000/OppsettXXXXA/20230204xxxxxxxxx/demultiplexed --out_dir /Users/rasmuskopperudriis/Coding/work/new_influenza_pipline_docker/results/epi2me_wf_flu_output --min_qscore 14 --min_coverage 30 --downsample 600 --reference /Users/rasmuskopperudriis/Coding/work/new_influenza_pipline_docker/references/epi2me/reference_epi2me_FULL_NAMES.fasta
May-15 17:01:00.507 [main] INFO  nextflow.cli.CmdRun - N E X T F L O W  ~  version 22.10.6
May-15 17:01:00.516 [main] DEBUG nextflow.plugin.PluginsFacade - Setting up plugin manager > mode=prod; embedded=false; plugins-dir=/Users/rasmuskopperudriis/.nextflow/plugins; core-plugins: nf-amazon@1.11.3,nf-azure@0.14.2,nf-codecommit@0.1.2,nf-console@1.0.4,nf-ga4gh@1.0.4,nf-google@1.4.5,nf-tower@1.5.6,nf-wave@0.5.3
May-15 17:01:00.520 [main] INFO  org.pf4j.DefaultPluginStatusProvider - Enabled plugins: []
May-15 17:01:00.521 [main] INFO  org.pf4j.DefaultPluginStatusProvider - Disabled plugins: []
May-15 17:01:00.522 [main] INFO  org.pf4j.DefaultPluginManager - PF4J version 3.4.1 in 'deployment' mode
May-15 17:01:00.527 [main] INFO  org.pf4j.AbstractPluginManager - No plugins
May-15 17:01:00.534 [main] DEBUG nextflow.scm.ProviderConfig - Using SCM config path: /Users/rasmuskopperudriis/.nextflow/scm
May-15 17:01:00.902 [main] DEBUG nextflow.scm.AssetManager - Git config: /Users/rasmuskopperudriis/.nextflow/assets/epi2me-labs/wf-flu/.git/config; branch: master; remote: origin; url: https://github.com/epi2me-labs/wf-flu.git
May-15 17:01:00.911 [main] DEBUG nextflow.scm.RepositoryFactory - Found Git repository result: [RepositoryFactory]
May-15 17:01:00.914 [main] DEBUG nextflow.scm.AssetManager - Git config: /Users/rasmuskopperudriis/.nextflow/assets/epi2me-labs/wf-flu/.git/config; branch: master; remote: origin; url: https://github.com/epi2me-labs/wf-flu.git
May-15 17:01:01.896 [main] INFO  nextflow.scm.AssetManager - NOTE: Your local project version looks outdated - a different revision is available in the remote repository [a21c1b843c]
May-15 17:01:01.907 [main] DEBUG nextflow.config.ConfigBuilder - Found config base: /Users/rasmuskopperudriis/.nextflow/assets/epi2me-labs/wf-flu/nextflow.config
May-15 17:01:01.908 [main] DEBUG nextflow.config.ConfigBuilder - Parsing config file: /Users/rasmuskopperudriis/.nextflow/assets/epi2me-labs/wf-flu/nextflow.config
May-15 17:01:01.916 [main] DEBUG nextflow.config.ConfigBuilder - Applying config profile: `standard`
May-15 17:01:01.999 [main] DEBUG nextflow.cli.CmdRun - Applied DSL=2 from script declararion
May-15 17:01:01.999 [main] INFO  nextflow.cli.CmdRun - Launching `https://github.com/epi2me-labs/wf-flu` [lethal_brazil] DSL2 - revision: 729fabb71f [master]
May-15 17:01:01.999 [main] DEBUG nextflow.plugin.PluginsFacade - Plugins default=[]
May-15 17:01:01.999 [main] DEBUG nextflow.plugin.PluginsFacade - Plugins resolved requirement=[]
May-15 17:01:02.000 [main] DEBUG nextflow.secret.LocalSecretsProvider - Secrets store: /Users/rasmuskopperudriis/.nextflow/secrets/store.json
May-15 17:01:02.001 [main] DEBUG nextflow.secret.SecretsLoader - Discovered secrets providers: [nextflow.secret.LocalSecretsProvider@33e0c716] - activable => nextflow.secret.LocalSecretsProvider@33e0c716
May-15 17:01:02.031 [main] DEBUG nextflow.Session - Session UUID: ea8ac79a-8836-441b-ad52-7e1a247c1a2e
May-15 17:01:02.031 [main] DEBUG nextflow.Session - Run name: lethal_brazil
May-15 17:01:02.031 [main] DEBUG nextflow.Session - Executor pool size: 8
May-15 17:01:02.036 [main] DEBUG nextflow.util.ThreadPoolBuilder - Creating thread pool 'FileTransfer' minSize=10; maxSize=24; workQueue=LinkedBlockingQueue[10000]; allowCoreThreadTimeout=false
May-15 17:01:02.081 [main] DEBUG nextflow.cli.CmdRun - 
  Version: 22.10.6 build 5843
  Created: 23-01-2023 23:20 UTC (24-01-2023 00:20 CEST)
  System: Mac OS X 13.2.1
  Runtime: Groovy 3.0.13 on Java HotSpot(TM) 64-Bit Server VM 17.0.5+9-LTS-191
  Encoding: UTF-8 (UTF-8)
  Process: 87854@Rasmuss-MacBook-Air.local [127.0.0.1]
  CPUs: 8 - Mem: 16 GB (64.7 MB) - Swap: 8 GB (937.4 MB)
May-15 17:01:02.086 [main] DEBUG nextflow.Session - Work-dir: /Users/rasmuskopperudriis/Coding/work/new_influenza_pipline_docker/nextflow_training_set/work [Mac OS X]
May-15 17:01:02.094 [main] DEBUG nextflow.executor.ExecutorFactory - Extension executors providers=[]
May-15 17:01:02.098 [main] DEBUG nextflow.Session - Observer factory: DefaultObserverFactory
May-15 17:01:02.124 [main] DEBUG nextflow.cache.CacheFactory - Using Nextflow cache factory: nextflow.cache.DefaultCacheFactory
May-15 17:01:02.129 [main] DEBUG nextflow.util.CustomThreadPool - Creating default thread pool > poolSize: 9; maxThreads: 1000
May-15 17:01:02.160 [main] DEBUG nextflow.Session - Session start
May-15 17:01:02.162 [main] DEBUG nextflow.trace.TraceFileObserver - Workflow started -- trace file: /Users/rasmuskopperudriis/Coding/work/new_influenza_pipline_docker/results/epi2me_wf_flu_output/execution/trace.txt
May-15 17:01:02.169 [main] DEBUG nextflow.Session - Using default localLib path: /Users/rasmuskopperudriis/.nextflow/assets/epi2me-labs/wf-flu/lib
May-15 17:01:02.170 [main] DEBUG nextflow.Session - Adding to the classpath library: /Users/rasmuskopperudriis/.nextflow/assets/epi2me-labs/wf-flu/lib
May-15 17:01:02.170 [main] DEBUG nextflow.Session - Adding to the classpath library: /Users/rasmuskopperudriis/.nextflow/assets/epi2me-labs/wf-flu/lib/nfcore_external_java_deps.jar
May-15 17:01:03.037 [main] DEBUG nextflow.script.ScriptRunner - > Launching execution
May-15 17:01:03.371 [main] WARN  nextflow.Nextflow - Found unexpected parameters:
* --process_label: wfflu
May-15 17:01:03.372 [main] INFO  nextflow.Nextflow - - [2mIgnore this warning: params.schema_ignore_params = "process_label" [0m
May-15 17:01:03.377 [main] INFO  nextflow.Nextflow - 
[0;92m||||||||||   [0m[2m_____ ____ ___ ____  __  __ _____      _       _
[0;92m||||||||||  [0m[2m| ____|  _ \_ _|___ \|  \/  | ____|    | | __ _| |__  ___
[0;33m|||||       [0m[2m|  _| | |_) | |  __) | |\/| |  _| _____| |/ _` | '_ \/ __|
[0;33m|||||       [0m[2m| |___|  __/| | / __/| |  | | |__|_____| | (_| | |_) \__ \
[0;94m||||||||||  [0m[2m|_____|_|  |___|_____|_|  |_|_____|    |_|\__,_|_.__/|___/
[0;94m||||||||||  [0m[1mwf-flu v0.0.6-g729fabb[0m
[2m--------------------------------------------------------------------------------[0m
[1mCore Nextflow options[0m
  [0;34mrevision       : [0;32mmaster[0m
  [0;34mrunName        : [0;32mlethal_brazil[0m
  [0;34mcontainerEngine: [0;32mdocker[0m
  [0;34mlaunchDir      : [0;32m/Users/rasmuskopperudriis/Coding/work/new_influenza_pipline_docker/nextflow_training_set[0m
  [0;34mworkDir        : [0;32m/Users/rasmuskopperudriis/Coding/work/new_influenza_pipline_docker/nextflow_training_set/work[0m
  [0;34mprojectDir     : [0;32m/Users/rasmuskopperudriis/.nextflow/assets/epi2me-labs/wf-flu[0m
  [0;34muserName       : [0;32mrasmuskopperudriis[0m
  [0;34mprofile        : [0;32mstandard[0m
  [0;34mconfigFiles    : [0;32m/Users/rasmuskopperudriis/.nextflow/assets/epi2me-labs/wf-flu/nextflow.config[0m

[1mInput Options[0m
  [0;34mfastq          : [0;32m./Grid000/OppsettXXXXA/20230204xxxxxxxxx/demultiplexed[0m

[1mOutput Options[0m
  [0;34mout_dir        : [0;32m/Users/rasmuskopperudriis/Coding/work/new_influenza_pipline_docker/results/epi2me_wf_flu_output[0m

[1mAdvanced Options[0m
  [0;34mreference      : [0;32m/Users/rasmuskopperudriis/Coding/work/new_influenza_pipline_docker/references/epi2me/reference_epi2me_FULL_NAMES.fasta[0m
  [0;34mmin_coverage   : [0;32m30[0m
  [0;34mmin_qscore     : [0;32m14[0m
  [0;34mdownsample     : [0;32m600[0m

!! Only displaying parameters that differ from the pipeline defaults !!
[2m--------------------------------------------------------------------------------[0m
If you use epi2me-labs/wf-flu for your analysis please cite:

* The nf-core framework
  https://doi.org/10.1038/s41587-020-0439-x


[2m--------------------------------------------------------------------------------[0m
This is epi2me-labs/wf-flu v0.0.6-g729fabb.
[2m--------------------------------------------------------------------------------[0m
May-15 17:01:03.737 [main] INFO  nextflow.Nextflow - Checking fastq input.
May-15 17:01:03.752 [main] INFO  nextflow.Nextflow - Non barcoded directories detected.
May-15 17:01:03.796 [main] DEBUG nextflow.script.ProcessConfig - Config settings `withLabel:wfflu` matches labels `wfflu` for process with name pipeline:combineFastq
May-15 17:01:03.798 [main] DEBUG nextflow.executor.ExecutorFactory - << taskConfig executor: null
May-15 17:01:03.798 [main] DEBUG nextflow.executor.ExecutorFactory - >> processorType: 'local'
May-15 17:01:03.800 [main] DEBUG nextflow.executor.Executor - [warm up] executor > local
May-15 17:01:03.802 [main] DEBUG n.processor.LocalPollingMonitor - Creating local task monitor for executor 'local' > cpus=4; memory=8 GB; capacity=8; pollInterval=100ms; dumpInterval=5m
May-15 17:01:03.828 [main] DEBUG nextflow.script.ProcessConfig - Config settings `withLabel:wfflu` matches labels `wfflu` for process with name pipeline:alignReads
May-15 17:01:03.828 [main] DEBUG nextflow.executor.ExecutorFactory - << taskConfig executor: null
May-15 17:01:03.828 [main] DEBUG nextflow.executor.ExecutorFactory - >> processorType: 'local'
May-15 17:01:03.830 [main] DEBUG nextflow.script.ProcessConfig - Config settings `withLabel:wfflu` matches labels `wfflu` for process with name pipeline:coverageCalc
May-15 17:01:03.830 [main] DEBUG nextflow.executor.ExecutorFactory - << taskConfig executor: null
May-15 17:01:03.830 [main] DEBUG nextflow.executor.ExecutorFactory - >> processorType: 'local'
May-15 17:01:03.832 [main] INFO  nextflow.script.BaseScript - Downsampling!!!
May-15 17:01:03.833 [main] DEBUG nextflow.script.ProcessConfig - Config settings `withLabel:wfflu` matches labels `wfflu` for process with name pipeline:downSample
May-15 17:01:03.834 [main] DEBUG nextflow.executor.ExecutorFactory - << taskConfig executor: null
May-15 17:01:03.834 [main] DEBUG nextflow.executor.ExecutorFactory - >> processorType: 'local'
May-15 17:01:03.835 [main] DEBUG nextflow.script.ProcessConfig - Config settings `withLabel:wfflu` matches labels `wfflu` for process with name pipeline:medakaVariants
May-15 17:01:03.835 [main] DEBUG nextflow.executor.ExecutorFactory - << taskConfig executor: null
May-15 17:01:03.835 [main] DEBUG nextflow.executor.ExecutorFactory - >> processorType: 'local'
May-15 17:01:03.839 [main] DEBUG nextflow.script.ProcessConfig - Config settings `withLabel:wfflu` matches labels `wfflu` for process with name pipeline:makeConsensus
May-15 17:01:03.839 [main] DEBUG nextflow.executor.ExecutorFactory - << taskConfig executor: null
May-15 17:01:03.839 [main] DEBUG nextflow.executor.ExecutorFactory - >> processorType: 'local'
May-15 17:01:03.841 [main] DEBUG nextflow.script.ProcessConfig - Config settings `withLabel:wfflutyping` matches labels `wfflutyping` for process with name pipeline:typeFlu
May-15 17:01:03.842 [main] DEBUG nextflow.executor.ExecutorFactory - << taskConfig executor: null
May-15 17:01:03.842 [main] DEBUG nextflow.executor.ExecutorFactory - >> processorType: 'local'
May-15 17:01:03.843 [main] DEBUG nextflow.script.ProcessConfig - Config settings `withLabel:wfflu` matches labels `wfflu` for process with name pipeline:getVersions
May-15 17:01:03.843 [main] DEBUG nextflow.executor.ExecutorFactory - << taskConfig executor: null
May-15 17:01:03.843 [main] DEBUG nextflow.executor.ExecutorFactory - >> processorType: 'local'
May-15 17:01:03.846 [main] DEBUG nextflow.script.ProcessConfig - Config settings `withLabel:wfflu` matches labels `wfflu` for process with name pipeline:getParams
May-15 17:01:03.846 [main] DEBUG nextflow.executor.ExecutorFactory - << taskConfig executor: null
May-15 17:01:03.846 [main] DEBUG nextflow.executor.ExecutorFactory - >> processorType: 'local'
May-15 17:01:03.854 [main] DEBUG nextflow.script.ProcessConfig - Config settings `withLabel:wfflu` matches labels `wfflu` for process with name pipeline:makeReport
May-15 17:01:03.854 [main] DEBUG nextflow.executor.ExecutorFactory - << taskConfig executor: null
May-15 17:01:03.854 [main] DEBUG nextflow.executor.ExecutorFactory - >> processorType: 'local'
May-15 17:01:03.859 [main] DEBUG nextflow.script.ProcessConfig - Config settings `withLabel:wfflu` matches labels `wfflu` for process with name output
May-15 17:01:03.859 [main] DEBUG nextflow.executor.ExecutorFactory - << taskConfig executor: null
May-15 17:01:03.859 [main] DEBUG nextflow.executor.ExecutorFactory - >> processorType: 'local'
May-15 17:01:03.860 [main] DEBUG nextflow.Session - Workflow process names [dsl2]: pipeline:getParams, pipeline:alignReads, pipeline:medakaVariants, combineFastq, isolateSingleFile, makeConsensus, pipeline:makeReport, pipeline:makeConsensus, pipeline:getVersions, downSample, alignReads, output, pipeline:coverageCalc, typeFlu, medakaVariants, makeReport, coverageCalc, pipeline:combineFastq, checkSampleSheet, pipeline:downSample, getVersions, pipeline:typeFlu, getParams
May-15 17:01:03.860 [main] DEBUG nextflow.Session - Igniting dataflow network (14)
May-15 17:01:03.862 [main] DEBUG nextflow.processor.TaskProcessor - Starting process > pipeline:combineFastq
May-15 17:01:03.862 [main] DEBUG nextflow.processor.TaskProcessor - Starting process > pipeline:alignReads
May-15 17:01:03.862 [main] DEBUG nextflow.processor.TaskProcessor - Starting process > pipeline:coverageCalc
May-15 17:01:03.862 [main] DEBUG nextflow.processor.TaskProcessor - Starting process > pipeline:downSample
May-15 17:01:03.862 [main] DEBUG nextflow.processor.TaskProcessor - Starting process > pipeline:medakaVariants
May-15 17:01:03.862 [main] DEBUG nextflow.processor.TaskProcessor - Starting process > pipeline:makeConsensus
May-15 17:01:03.862 [main] DEBUG nextflow.processor.TaskProcessor - Starting process > pipeline:typeFlu
May-15 17:01:03.862 [main] DEBUG nextflow.processor.TaskProcessor - Starting process > pipeline:getVersions
May-15 17:01:03.862 [main] DEBUG nextflow.processor.TaskProcessor - Starting process > pipeline:getParams
May-15 17:01:03.862 [main] DEBUG nextflow.processor.TaskProcessor - Starting process > pipeline:makeReport
May-15 17:01:03.863 [main] DEBUG nextflow.processor.TaskProcessor - Starting process > output
May-15 17:01:03.863 [main] DEBUG nextflow.script.ScriptRunner - > Awaiting termination 
May-15 17:01:03.863 [main] DEBUG nextflow.Session - Session await
May-15 17:01:03.920 [Task submitter] DEBUG n.executor.local.LocalTaskHandler - Launch cmd line: /bin/bash -ue .command.run
May-15 17:01:03.921 [Task submitter] INFO  nextflow.Session - [1b/ddae90] Submitted process > pipeline:getParams
May-15 17:01:03.927 [Task submitter] DEBUG n.executor.local.LocalTaskHandler - Launch cmd line: /bin/bash -ue .command.run
May-15 17:01:03.927 [Task submitter] INFO  nextflow.Session - [10/739cd6] Submitted process > pipeline:getVersions
May-15 17:01:03.930 [Task submitter] DEBUG n.executor.local.LocalTaskHandler - Launch cmd line: /bin/bash -ue .command.run
May-15 17:01:03.930 [Task submitter] INFO  nextflow.Session - [cc/2f1684] Submitted process > pipeline:combineFastq (4)
May-15 17:01:03.932 [Task submitter] DEBUG n.executor.local.LocalTaskHandler - Launch cmd line: /bin/bash -ue .command.run
May-15 17:01:03.933 [Task submitter] INFO  nextflow.Session - [35/384865] Submitted process > pipeline:combineFastq (1)
May-15 17:01:07.289 [Task monitor] DEBUG n.processor.TaskPollingMonitor - Task completed > TaskHandler[id: 2; name: pipeline:getParams; status: COMPLETED; exit: 0; error: -; workDir: /Users/rasmuskopperudriis/Coding/work/new_influenza_pipline_docker/nextflow_training_set/work/1b/ddae90918a01f7fb5b7bbf5c7c2909]
May-15 17:01:07.294 [Task submitter] DEBUG n.executor.local.LocalTaskHandler - Launch cmd line: /bin/bash -ue .command.run
May-15 17:01:07.294 [Task submitter] INFO  nextflow.Session - [08/059148] Submitted process > pipeline:combineFastq (2)
May-15 17:01:08.509 [Task monitor] DEBUG n.processor.TaskPollingMonitor - Task completed > TaskHandler[id: 3; name: pipeline:combineFastq (1); status: COMPLETED; exit: 0; error: -; workDir: /Users/rasmuskopperudriis/Coding/work/new_influenza_pipline_docker/nextflow_training_set/work/35/3848654a862d7fefdd4fbe6ce3f78e]
May-15 17:01:08.512 [Task submitter] DEBUG n.executor.local.LocalTaskHandler - Launch cmd line: /bin/bash -ue .command.run
May-15 17:01:08.513 [Task submitter] INFO  nextflow.Session - [44/48266e] Submitted process > pipeline:combineFastq (3)
May-15 17:01:12.543 [Task monitor] DEBUG n.processor.TaskPollingMonitor - Task completed > TaskHandler[id: 5; name: pipeline:combineFastq (3); status: COMPLETED; exit: 0; error: -; workDir: /Users/rasmuskopperudriis/Coding/work/new_influenza_pipline_docker/nextflow_training_set/work/44/48266e5a634d7268f14605148319d3]
May-15 17:01:12.550 [Task submitter] DEBUG n.executor.local.LocalTaskHandler - Launch cmd line: /bin/bash -ue .command.run
May-15 17:01:12.550 [Task submitter] INFO  nextflow.Session - [75/26bcce] Submitted process > output (1)
May-15 17:01:13.989 [Task monitor] DEBUG n.processor.TaskPollingMonitor - Task completed > TaskHandler[id: 1; name: pipeline:getVersions; status: COMPLETED; exit: 0; error: -; workDir: /Users/rasmuskopperudriis/Coding/work/new_influenza_pipline_docker/nextflow_training_set/work/10/739cd6acdf93f397852f8528955dd0]
May-15 17:01:13.996 [Task submitter] DEBUG n.executor.local.LocalTaskHandler - Launch cmd line: /bin/bash -ue .command.run
May-15 17:01:13.997 [Task submitter] INFO  nextflow.Session - [84/7c70bd] Submitted process > output (2)
May-15 17:01:14.907 [Task monitor] DEBUG n.processor.TaskPollingMonitor - Task completed > TaskHandler[id: 8; name: output (1); status: COMPLETED; exit: 0; error: -; workDir: /Users/rasmuskopperudriis/Coding/work/new_influenza_pipline_docker/nextflow_training_set/work/75/26bcce4ad96e0c58441ca6e4b8581e]
May-15 17:01:14.914 [Task monitor] DEBUG nextflow.util.ThreadPoolBuilder - Creating thread pool 'PublishDir' minSize=10; maxSize=24; workQueue=LinkedBlockingQueue[10000]; allowCoreThreadTimeout=false
May-15 17:01:15.706 [Task monitor] DEBUG n.processor.TaskPollingMonitor - Task completed > TaskHandler[id: 10; name: output (2); status: COMPLETED; exit: 0; error: -; workDir: /Users/rasmuskopperudriis/Coding/work/new_influenza_pipline_docker/nextflow_training_set/work/84/7c70bda3b74ee7bf1ec704bc010636]
May-15 17:01:15.708 [Task submitter] DEBUG n.executor.local.LocalTaskHandler - Launch cmd line: /bin/bash -ue .command.run
May-15 17:01:15.708 [Task submitter] INFO  nextflow.Session - [64/743721] Submitted process > pipeline:alignReads (1)
May-15 17:01:18.248 [Task monitor] DEBUG n.processor.TaskPollingMonitor - Task completed > TaskHandler[id: 6; name: pipeline:combineFastq (4); status: COMPLETED; exit: 0; error: -; workDir: /Users/rasmuskopperudriis/Coding/work/new_influenza_pipline_docker/nextflow_training_set/work/cc/2f1684e3ec5237c31ec29668dbeef1]
May-15 17:01:19.259 [Task submitter] DEBUG n.executor.local.LocalTaskHandler - Launch cmd line: /bin/bash -ue .command.run
May-15 17:01:19.259 [Task submitter] INFO  nextflow.Session - [b5/dd6fd7] Submitted process > output (3)
May-15 17:01:20.393 [Task monitor] DEBUG n.processor.TaskPollingMonitor - Task completed > TaskHandler[id: 7; name: pipeline:alignReads (1); status: COMPLETED; exit: 0; error: -; workDir: /Users/rasmuskopperudriis/Coding/work/new_influenza_pipline_docker/nextflow_training_set/work/64/74372198d16d02a380cf5bd8983fca]
May-15 17:01:20.396 [Task submitter] DEBUG n.executor.local.LocalTaskHandler - Launch cmd line: /bin/bash -ue .command.run
May-15 17:01:20.396 [Task submitter] INFO  nextflow.Session - [67/c7bea9] Submitted process > pipeline:alignReads (2)
May-15 17:01:20.757 [Task monitor] DEBUG n.processor.TaskPollingMonitor - Task completed > TaskHandler[id: 12; name: output (3); status: COMPLETED; exit: 0; error: -; workDir: /Users/rasmuskopperudriis/Coding/work/new_influenza_pipline_docker/nextflow_training_set/work/b5/dd6fd771649bde7ee662b704a40df9]
May-15 17:01:22.459 [Task monitor] DEBUG n.processor.TaskPollingMonitor - Task completed > TaskHandler[id: 4; name: pipeline:combineFastq (2); status: COMPLETED; exit: 0; error: -; workDir: /Users/rasmuskopperudriis/Coding/work/new_influenza_pipline_docker/nextflow_training_set/work/08/059148c529e94a686440f4f678855b]
May-15 17:01:22.461 [Task submitter] DEBUG n.executor.local.LocalTaskHandler - Launch cmd line: /bin/bash -ue .command.run
May-15 17:01:22.461 [Task submitter] INFO  nextflow.Session - [8e/a69e75] Submitted process > pipeline:alignReads (3)
May-15 17:01:24.977 [Task monitor] DEBUG n.processor.TaskPollingMonitor - Task completed > TaskHandler[id: 9; name: pipeline:alignReads (2); status: COMPLETED; exit: 0; error: -; workDir: /Users/rasmuskopperudriis/Coding/work/new_influenza_pipline_docker/nextflow_training_set/work/67/c7bea97b0bd3e4d69b7b3bf9af503b]
May-15 17:01:24.984 [Task submitter] DEBUG n.executor.local.LocalTaskHandler - Launch cmd line: /bin/bash -ue .command.run
May-15 17:01:24.984 [Task submitter] INFO  nextflow.Session - [c8/6855f7] Submitted process > pipeline:coverageCalc (1)
May-15 17:01:26.525 [Task monitor] DEBUG n.processor.TaskPollingMonitor - Task completed > TaskHandler[id: 14; name: pipeline:coverageCalc (1); status: COMPLETED; exit: 0; error: -; workDir: /Users/rasmuskopperudriis/Coding/work/new_influenza_pipline_docker/nextflow_training_set/work/c8/6855f7f9e44901ef09a68d6873bbdf]
May-15 17:01:26.527 [Task submitter] DEBUG n.executor.local.LocalTaskHandler - Launch cmd line: /bin/bash -ue .command.run
May-15 17:01:26.528 [Task submitter] INFO  nextflow.Session - [7a/898474] Submitted process > pipeline:downSample (1)
May-15 17:01:33.866 [Task monitor] DEBUG n.processor.TaskPollingMonitor - Task completed > TaskHandler[id: 11; name: pipeline:alignReads (3); status: COMPLETED; exit: 0; error: -; workDir: /Users/rasmuskopperudriis/Coding/work/new_influenza_pipline_docker/nextflow_training_set/work/8e/a69e75b35770951a44007d3a7ffd34]
May-15 17:01:33.869 [Task submitter] DEBUG n.executor.local.LocalTaskHandler - Launch cmd line: /bin/bash -ue .command.run
May-15 17:01:33.869 [Task submitter] INFO  nextflow.Session - [ac/7ce95b] Submitted process > output (4)
May-15 17:01:35.235 [Task monitor] DEBUG n.processor.TaskPollingMonitor - Task completed > TaskHandler[id: 16; name: output (4); status: COMPLETED; exit: 0; error: -; workDir: /Users/rasmuskopperudriis/Coding/work/new_influenza_pipline_docker/nextflow_training_set/work/ac/7ce95b0e8a1a6f3187559f888d66d9]
May-15 17:01:35.237 [Task submitter] DEBUG n.executor.local.LocalTaskHandler - Launch cmd line: /bin/bash -ue .command.run
May-15 17:01:35.237 [Task submitter] INFO  nextflow.Session - [eb/caefc0] Submitted process > pipeline:alignReads (4)
May-15 17:01:37.449 [Task monitor] DEBUG n.processor.TaskPollingMonitor - Task completed > TaskHandler[id: 13; name: pipeline:downSample (1); status: COMPLETED; exit: 0; error: -; workDir: /Users/rasmuskopperudriis/Coding/work/new_influenza_pipline_docker/nextflow_training_set/work/7a/898474fbf8de72cb97434fac333029]
May-15 17:01:37.453 [Task submitter] DEBUG n.executor.local.LocalTaskHandler - Launch cmd line: /bin/bash -ue .command.run
May-15 17:01:37.453 [Task submitter] INFO  nextflow.Session - [13/0b71bc] Submitted process > pipeline:coverageCalc (2)
May-15 17:01:38.931 [Task monitor] DEBUG n.processor.TaskPollingMonitor - Task completed > TaskHandler[id: 17; name: pipeline:coverageCalc (2); status: COMPLETED; exit: 0; error: -; workDir: /Users/rasmuskopperudriis/Coding/work/new_influenza_pipline_docker/nextflow_training_set/work/13/0b71bc26244fbcaf90ca8b7c497a2b]
May-15 17:01:38.933 [Task submitter] DEBUG n.executor.local.LocalTaskHandler - Launch cmd line: /bin/bash -ue .command.run
May-15 17:01:38.933 [Task submitter] INFO  nextflow.Session - [c0/156157] Submitted process > pipeline:downSample (2)
May-15 17:01:51.147 [Task monitor] DEBUG n.processor.TaskPollingMonitor - Task completed > TaskHandler[id: 18; name: pipeline:downSample (2); status: COMPLETED; exit: 0; error: -; workDir: /Users/rasmuskopperudriis/Coding/work/new_influenza_pipline_docker/nextflow_training_set/work/c0/156157777a61c1ddad9075e8b5fb9f]
May-15 17:01:51.149 [Task submitter] DEBUG n.executor.local.LocalTaskHandler - Launch cmd line: /bin/bash -ue .command.run
May-15 17:01:51.150 [Task submitter] INFO  nextflow.Session - [fd/4b61c7] Submitted process > pipeline:coverageCalc (3)
May-15 17:01:52.040 [Task monitor] DEBUG n.processor.TaskPollingMonitor - Task completed > TaskHandler[id: 15; name: pipeline:alignReads (4); status: COMPLETED; exit: 0; error: -; workDir: /Users/rasmuskopperudriis/Coding/work/new_influenza_pipline_docker/nextflow_training_set/work/eb/caefc07da701ef40ab4407ec757c60]
May-15 17:01:52.043 [Task submitter] DEBUG n.executor.local.LocalTaskHandler - Launch cmd line: /bin/bash -ue .command.run
May-15 17:01:52.043 [Task submitter] INFO  nextflow.Session - [77/206f9c] Submitted process > pipeline:downSample (3)
May-15 17:01:52.562 [Task monitor] DEBUG n.processor.TaskPollingMonitor - Task completed > TaskHandler[id: 19; name: pipeline:coverageCalc (3); status: COMPLETED; exit: 0; error: -; workDir: /Users/rasmuskopperudriis/Coding/work/new_influenza_pipline_docker/nextflow_training_set/work/fd/4b61c7b521e47dcffa798e0f1738f0]
May-15 17:01:52.564 [Task submitter] DEBUG n.executor.local.LocalTaskHandler - Launch cmd line: /bin/bash -ue .command.run
May-15 17:01:52.565 [Task submitter] INFO  nextflow.Session - [8a/ea0d46] Submitted process > pipeline:medakaVariants (1)
May-15 17:02:11.685 [Task monitor] DEBUG n.processor.TaskPollingMonitor - Task completed > TaskHandler[id: 20; name: pipeline:downSample (3); status: COMPLETED; exit: 0; error: -; workDir: /Users/rasmuskopperudriis/Coding/work/new_influenza_pipline_docker/nextflow_training_set/work/77/206f9cdeb75a6a7b8ea7cbd5e939a1]
May-15 17:02:11.692 [Task submitter] DEBUG n.executor.local.LocalTaskHandler - Launch cmd line: /bin/bash -ue .command.run
May-15 17:02:11.692 [Task submitter] INFO  nextflow.Session - [76/6b7d3c] Submitted process > pipeline:medakaVariants (2)
May-15 17:02:36.516 [Task monitor] DEBUG n.processor.TaskPollingMonitor - Task completed > TaskHandler[id: 21; name: pipeline:medakaVariants (1); status: COMPLETED; exit: 0; error: -; workDir: /Users/rasmuskopperudriis/Coding/work/new_influenza_pipline_docker/nextflow_training_set/work/8a/ea0d4655ad244f945a7f8927e92824]
May-15 17:02:36.528 [Task submitter] DEBUG n.executor.local.LocalTaskHandler - Launch cmd line: /bin/bash -ue .command.run
May-15 17:02:36.528 [Task submitter] INFO  nextflow.Session - [27/8239e9] Submitted process > pipeline:coverageCalc (4)
May-15 17:02:37.893 [Task monitor] DEBUG n.processor.TaskPollingMonitor - Task completed > TaskHandler[id: 24; name: pipeline:coverageCalc (4); status: COMPLETED; exit: 0; error: -; workDir: /Users/rasmuskopperudriis/Coding/work/new_influenza_pipline_docker/nextflow_training_set/work/27/8239e9bc9c4820d11dbd314a9c4961]
May-15 17:02:37.895 [Task submitter] DEBUG n.executor.local.LocalTaskHandler - Launch cmd line: /bin/bash -ue .command.run
May-15 17:02:37.895 [Task submitter] INFO  nextflow.Session - [9c/6c6ebb] Submitted process > pipeline:downSample (4)
May-15 17:02:46.169 [Task monitor] DEBUG n.processor.TaskPollingMonitor - Task completed > TaskHandler[id: 22; name: pipeline:medakaVariants (2); status: COMPLETED; exit: 0; error: -; workDir: /Users/rasmuskopperudriis/Coding/work/new_influenza_pipline_docker/nextflow_training_set/work/76/6b7d3cbf6ddc229d2a96b2b364b1b2]
May-15 17:02:46.177 [Task submitter] DEBUG n.executor.local.LocalTaskHandler - Launch cmd line: /bin/bash -ue .command.run
May-15 17:02:46.177 [Task submitter] INFO  nextflow.Session - [f1/7919b4] Submitted process > pipeline:medakaVariants (3)
May-15 17:03:04.848 [Task monitor] DEBUG n.processor.TaskPollingMonitor - Task completed > TaskHandler[id: 23; name: pipeline:downSample (4); status: COMPLETED; exit: 0; error: -; workDir: /Users/rasmuskopperudriis/Coding/work/new_influenza_pipline_docker/nextflow_training_set/work/9c/6c6ebbef46e692eb15a4354155af39]
May-15 17:03:04.855 [Task submitter] DEBUG n.executor.local.LocalTaskHandler - Launch cmd line: /bin/bash -ue .command.run
May-15 17:03:04.855 [Task submitter] INFO  nextflow.Session - [c7/fe52e8] Submitted process > pipeline:makeConsensus (1)
May-15 17:03:06.178 [Task monitor] DEBUG n.processor.TaskPollingMonitor - Task completed > TaskHandler[id: 26; name: pipeline:makeConsensus (1); status: COMPLETED; exit: 0; error: -; workDir: /Users/rasmuskopperudriis/Coding/work/new_influenza_pipline_docker/nextflow_training_set/work/c7/fe52e816244f5d20cab190ebf34da3]
May-15 17:03:06.180 [Task submitter] DEBUG n.executor.local.LocalTaskHandler - Launch cmd line: /bin/bash -ue .command.run
May-15 17:03:06.180 [Task submitter] INFO  nextflow.Session - [d1/861c8b] Submitted process > pipeline:makeConsensus (2)
May-15 17:03:06.187 [Actor Thread 10] DEBUG nextflow.util.CacheHelper - Hash asset file sha-256: /Users/rasmuskopperudriis/.nextflow/assets/epi2me-labs/wf-flu/./data/primer_schemes/V1/blastdb/insaflu/sequences.nin
May-15 17:03:06.192 [Actor Thread 10] DEBUG nextflow.util.CacheHelper - Hash asset file sha-256: /Users/rasmuskopperudriis/.nextflow/assets/epi2me-labs/wf-flu/./data/primer_schemes/V1/blastdb/insaflu/sequences.nhd
May-15 17:03:06.192 [Actor Thread 10] DEBUG nextflow.util.CacheHelper - Hash asset file sha-256: /Users/rasmuskopperudriis/.nextflow/assets/epi2me-labs/wf-flu/./data/primer_schemes/V1/blastdb/insaflu/sequences.nsq
May-15 17:03:06.193 [Actor Thread 10] DEBUG nextflow.util.CacheHelper - Hash asset file sha-256: /Users/rasmuskopperudriis/.nextflow/assets/epi2me-labs/wf-flu/./data/primer_schemes/V1/blastdb/insaflu/sequences.nto
May-15 17:03:06.193 [Actor Thread 10] DEBUG nextflow.util.CacheHelper - Hash asset file sha-256: /Users/rasmuskopperudriis/.nextflow/assets/epi2me-labs/wf-flu/./data/primer_schemes/V1/blastdb/insaflu/sequences.ntf
May-15 17:03:06.193 [Actor Thread 10] DEBUG nextflow.util.CacheHelper - Hash asset file sha-256: /Users/rasmuskopperudriis/.nextflow/assets/epi2me-labs/wf-flu/./data/primer_schemes/V1/blastdb/insaflu/sequences.not
May-15 17:03:06.193 [Actor Thread 10] DEBUG nextflow.util.CacheHelper - Hash asset file sha-256: /Users/rasmuskopperudriis/.nextflow/assets/epi2me-labs/wf-flu/./data/primer_schemes/V1/blastdb/insaflu/sequences.nos
May-15 17:03:06.193 [Actor Thread 10] DEBUG nextflow.util.CacheHelper - Hash asset file sha-256: /Users/rasmuskopperudriis/.nextflow/assets/epi2me-labs/wf-flu/./data/primer_schemes/V1/blastdb/insaflu/sequences
May-15 17:03:06.194 [Actor Thread 10] DEBUG nextflow.util.CacheHelper - Hash asset file sha-256: /Users/rasmuskopperudriis/.nextflow/assets/epi2me-labs/wf-flu/./data/primer_schemes/V1/blastdb/insaflu/sequences.nog
May-15 17:03:06.194 [Actor Thread 10] DEBUG nextflow.util.CacheHelper - Hash asset file sha-256: /Users/rasmuskopperudriis/.nextflow/assets/epi2me-labs/wf-flu/./data/primer_schemes/V1/blastdb/insaflu/sequences.nhr
May-15 17:03:06.194 [Actor Thread 10] DEBUG nextflow.util.CacheHelper - Hash asset file sha-256: /Users/rasmuskopperudriis/.nextflow/assets/epi2me-labs/wf-flu/./data/primer_schemes/V1/blastdb/insaflu/sequences.ndb
May-15 17:03:06.195 [Actor Thread 10] DEBUG nextflow.util.CacheHelper - Hash asset file sha-256: /Users/rasmuskopperudriis/.nextflow/assets/epi2me-labs/wf-flu/./data/primer_schemes/V1/blastdb/insaflu/sequences.nhi
May-15 17:03:07.408 [Task monitor] DEBUG n.processor.TaskPollingMonitor - Task completed > TaskHandler[id: 27; name: pipeline:makeConsensus (2); status: COMPLETED; exit: 0; error: -; workDir: /Users/rasmuskopperudriis/Coding/work/new_influenza_pipline_docker/nextflow_training_set/work/d1/861c8b6c8ef9d40791b5061e6a47f1]
May-15 17:03:07.410 [Task submitter] DEBUG n.executor.local.LocalTaskHandler - Launch cmd line: /bin/bash -ue .command.run
May-15 17:03:07.410 [Task submitter] INFO  nextflow.Session - [2f/1389f9] Submitted process > pipeline:medakaVariants (4)
May-15 17:03:50.429 [Task monitor] DEBUG n.processor.TaskPollingMonitor - Task completed > TaskHandler[id: 25; name: pipeline:medakaVariants (3); status: COMPLETED; exit: 0; error: -; workDir: /Users/rasmuskopperudriis/Coding/work/new_influenza_pipline_docker/nextflow_training_set/work/f1/7919b413c4501c0e34abd59d290f7a]
May-15 17:03:50.445 [Task submitter] DEBUG n.executor.local.LocalTaskHandler - Launch cmd line: /bin/bash -ue .command.run
May-15 17:03:50.445 [Task submitter] INFO  nextflow.Session - [65/21a8b9] Submitted process > pipeline:typeFlu (1)
May-15 17:03:52.570 [Task monitor] DEBUG n.processor.TaskPollingMonitor - Task completed > TaskHandler[id: 29; name: pipeline:typeFlu (1); status: COMPLETED; exit: 0; error: -; workDir: /Users/rasmuskopperudriis/Coding/work/new_influenza_pipline_docker/nextflow_training_set/work/65/21a8b938b2e71e958879f1048fa7df]
May-15 17:03:52.572 [Task submitter] DEBUG n.executor.local.LocalTaskHandler - Launch cmd line: /bin/bash -ue .command.run
May-15 17:03:52.572 [Task submitter] INFO  nextflow.Session - [c4/9614cb] Submitted process > pipeline:typeFlu (2)
May-15 17:03:54.425 [Task monitor] DEBUG n.processor.TaskPollingMonitor - Task completed > TaskHandler[id: 30; name: pipeline:typeFlu (2); status: COMPLETED; exit: 0; error: -; workDir: /Users/rasmuskopperudriis/Coding/work/new_influenza_pipline_docker/nextflow_training_set/work/c4/9614cb38e770f4b260ec85e9e83ccc]
May-15 17:03:54.427 [Task submitter] DEBUG n.executor.local.LocalTaskHandler - Launch cmd line: /bin/bash -ue .command.run
May-15 17:03:54.427 [Task submitter] INFO  nextflow.Session - [7a/9273f8] Submitted process > pipeline:makeConsensus (3)
May-15 17:03:55.654 [Task monitor] DEBUG n.processor.TaskPollingMonitor - Task completed > TaskHandler[id: 31; name: pipeline:makeConsensus (3); status: COMPLETED; exit: 0; error: -; workDir: /Users/rasmuskopperudriis/Coding/work/new_influenza_pipline_docker/nextflow_training_set/work/7a/9273f8397afdeacb1c53e6bfa7b4fe]
May-15 17:03:55.659 [Task submitter] DEBUG n.executor.local.LocalTaskHandler - Launch cmd line: /bin/bash -ue .command.run
May-15 17:03:55.659 [Task submitter] INFO  nextflow.Session - [2c/33133c] Submitted process > pipeline:typeFlu (3)
May-15 17:03:57.593 [Task monitor] DEBUG n.processor.TaskPollingMonitor - Task completed > TaskHandler[id: 32; name: pipeline:typeFlu (3); status: COMPLETED; exit: 0; error: -; workDir: /Users/rasmuskopperudriis/Coding/work/new_influenza_pipline_docker/nextflow_training_set/work/2c/33133c605d40f2cdc4e94ba97fb638]
May-15 17:04:15.414 [Task monitor] DEBUG n.processor.TaskPollingMonitor - Task completed > TaskHandler[id: 28; name: pipeline:medakaVariants (4); status: COMPLETED; exit: 0; error: -; workDir: /Users/rasmuskopperudriis/Coding/work/new_influenza_pipline_docker/nextflow_training_set/work/2f/1389f94654b5169b3bef9aca0d8a31]
May-15 17:04:15.435 [Task submitter] DEBUG n.executor.local.LocalTaskHandler - Launch cmd line: /bin/bash -ue .command.run
May-15 17:04:15.435 [Task submitter] INFO  nextflow.Session - [a4/3eed24] Submitted process > pipeline:makeConsensus (4)
May-15 17:04:16.868 [Task monitor] DEBUG n.processor.TaskPollingMonitor - Task completed > TaskHandler[id: 33; name: pipeline:makeConsensus (4); status: COMPLETED; exit: 0; error: -; workDir: /Users/rasmuskopperudriis/Coding/work/new_influenza_pipline_docker/nextflow_training_set/work/a4/3eed245c6767558b594f2e2d0004d3]
May-15 17:04:16.872 [Task submitter] DEBUG n.executor.local.LocalTaskHandler - Launch cmd line: /bin/bash -ue .command.run
May-15 17:04:16.873 [Task submitter] INFO  nextflow.Session - [96/4ad433] Submitted process > pipeline:typeFlu (4)
May-15 17:04:18.919 [Task monitor] DEBUG n.processor.TaskPollingMonitor - Task completed > TaskHandler[id: 34; name: pipeline:typeFlu (4); status: COMPLETED; exit: 0; error: -; workDir: /Users/rasmuskopperudriis/Coding/work/new_influenza_pipline_docker/nextflow_training_set/work/96/4ad43392bb0cac2713113920d7878f]
May-15 17:04:18.926 [Actor Thread 8] DEBUG nextflow.util.CacheHelper - Hash asset file sha-256: /Users/rasmuskopperudriis/.nextflow/assets/epi2me-labs/wf-flu/bin/report.py
May-15 17:04:18.929 [Task submitter] DEBUG n.executor.local.LocalTaskHandler - Launch cmd line: /bin/bash -ue .command.run
May-15 17:04:18.929 [Task submitter] INFO  nextflow.Session - [7e/3e7cc8] Submitted process > pipeline:makeReport
May-15 17:04:26.200 [Task monitor] DEBUG n.processor.TaskPollingMonitor - Task completed > TaskHandler[id: 35; name: pipeline:makeReport; status: COMPLETED; exit: 0; error: -; workDir: /Users/rasmuskopperudriis/Coding/work/new_influenza_pipline_docker/nextflow_training_set/work/7e/3e7cc89915fd29f9ece2b66f2de784]
May-15 17:04:26.209 [Task submitter] DEBUG n.executor.local.LocalTaskHandler - Launch cmd line: /bin/bash -ue .command.run
May-15 17:04:26.209 [Task submitter] INFO  nextflow.Session - [55/afc075] Submitted process > output (5)
May-15 17:04:26.210 [Task submitter] DEBUG n.executor.local.LocalTaskHandler - Launch cmd line: /bin/bash -ue .command.run
May-15 17:04:26.211 [Task submitter] INFO  nextflow.Session - [06/b7270f] Submitted process > output (9)
May-15 17:04:26.212 [Task submitter] DEBUG n.executor.local.LocalTaskHandler - Launch cmd line: /bin/bash -ue .command.run
May-15 17:04:26.212 [Task submitter] INFO  nextflow.Session - [28/1ded59] Submitted process > output (7)
May-15 17:04:26.213 [Task submitter] DEBUG n.executor.local.LocalTaskHandler - Launch cmd line: /bin/bash -ue .command.run
May-15 17:04:26.213 [Task submitter] INFO  nextflow.Session - [0f/247550] Submitted process > output (11)
May-15 17:04:27.955 [Task monitor] DEBUG n.processor.TaskPollingMonitor - Task completed > TaskHandler[id: 42; name: output (11); status: COMPLETED; exit: 0; error: -; workDir: /Users/rasmuskopperudriis/Coding/work/new_influenza_pipline_docker/nextflow_training_set/work/0f/2475507c64217c5176a9c542faad38]
May-15 17:04:27.958 [Task submitter] DEBUG n.executor.local.LocalTaskHandler - Launch cmd line: /bin/bash -ue .command.run
May-15 17:04:27.958 [Task submitter] INFO  nextflow.Session - [f2/0d5eea] Submitted process > output (14)
May-15 17:04:27.987 [Task monitor] DEBUG n.processor.TaskPollingMonitor - Task completed > TaskHandler[id: 40; name: output (9); status: COMPLETED; exit: 0; error: -; workDir: /Users/rasmuskopperudriis/Coding/work/new_influenza_pipline_docker/nextflow_training_set/work/06/b7270f7255571277e6814cd6e0fb61]
May-15 17:04:27.990 [Task submitter] DEBUG n.executor.local.LocalTaskHandler - Launch cmd line: /bin/bash -ue .command.run
May-15 17:04:27.990 [Task submitter] INFO  nextflow.Session - [7a/67a171] Submitted process > output (6)
May-15 17:04:28.199 [Task monitor] DEBUG n.processor.TaskPollingMonitor - Task completed > TaskHandler[id: 38; name: output (7); status: COMPLETED; exit: 0; error: -; workDir: /Users/rasmuskopperudriis/Coding/work/new_influenza_pipline_docker/nextflow_training_set/work/28/1ded59629bbf0dc64371b7d6258610]
May-15 17:04:28.203 [Task submitter] DEBUG n.executor.local.LocalTaskHandler - Launch cmd line: /bin/bash -ue .command.run
May-15 17:04:28.203 [Task submitter] INFO  nextflow.Session - [83/83b9bd] Submitted process > output (10)
May-15 17:04:28.249 [Task monitor] DEBUG n.processor.TaskPollingMonitor - Task completed > TaskHandler[id: 36; name: output (5); status: COMPLETED; exit: 0; error: -; workDir: /Users/rasmuskopperudriis/Coding/work/new_influenza_pipline_docker/nextflow_training_set/work/55/afc075052bdcb52f5ba992762c9700]
May-15 17:04:28.251 [Task submitter] DEBUG n.executor.local.LocalTaskHandler - Launch cmd line: /bin/bash -ue .command.run
May-15 17:04:28.251 [Task submitter] INFO  nextflow.Session - [1c/5e11bf] Submitted process > output (8)
May-15 17:04:29.737 [Task monitor] DEBUG n.processor.TaskPollingMonitor - Task completed > TaskHandler[id: 45; name: output (14); status: COMPLETED; exit: 0; error: -; workDir: /Users/rasmuskopperudriis/Coding/work/new_influenza_pipline_docker/nextflow_training_set/work/f2/0d5eea0a4be390b661eaf9178ade89]
May-15 17:04:29.739 [Task submitter] DEBUG n.executor.local.LocalTaskHandler - Launch cmd line: /bin/bash -ue .command.run
May-15 17:04:29.739 [Task submitter] INFO  nextflow.Session - [63/4b2ab0] Submitted process > output (16)
May-15 17:04:29.936 [Task monitor] DEBUG n.processor.TaskPollingMonitor - Task completed > TaskHandler[id: 37; name: output (6); status: COMPLETED; exit: 0; error: -; workDir: /Users/rasmuskopperudriis/Coding/work/new_influenza_pipline_docker/nextflow_training_set/work/7a/67a17171e16c11433f7f636f6e50b2]
May-15 17:04:29.938 [Task submitter] DEBUG n.executor.local.LocalTaskHandler - Launch cmd line: /bin/bash -ue .command.run
May-15 17:04:29.938 [Task submitter] INFO  nextflow.Session - [a8/3631ba] Submitted process > output (12)
May-15 17:04:30.175 [Task monitor] DEBUG n.processor.TaskPollingMonitor - Task completed > TaskHandler[id: 41; name: output (10); status: COMPLETED; exit: 0; error: -; workDir: /Users/rasmuskopperudriis/Coding/work/new_influenza_pipline_docker/nextflow_training_set/work/83/83b9bdcd0ad5a157e57364207af475]
May-15 17:04:30.178 [Task submitter] DEBUG n.executor.local.LocalTaskHandler - Launch cmd line: /bin/bash -ue .command.run
May-15 17:04:30.178 [Task submitter] INFO  nextflow.Session - [ca/63c014] Submitted process > output (18)
May-15 17:04:30.188 [Task monitor] DEBUG n.processor.TaskPollingMonitor - Task completed > TaskHandler[id: 39; name: output (8); status: COMPLETED; exit: 0; error: -; workDir: /Users/rasmuskopperudriis/Coding/work/new_influenza_pipline_docker/nextflow_training_set/work/1c/5e11bff264d53b58c663f0c1c5fcef]
May-15 17:04:30.190 [Task submitter] DEBUG n.executor.local.LocalTaskHandler - Launch cmd line: /bin/bash -ue .command.run
May-15 17:04:30.190 [Task submitter] INFO  nextflow.Session - [62/b1410d] Submitted process > output (13)
May-15 17:04:31.369 [Task monitor] DEBUG n.processor.TaskPollingMonitor - Task completed > TaskHandler[id: 47; name: output (16); status: COMPLETED; exit: 0; error: -; workDir: /Users/rasmuskopperudriis/Coding/work/new_influenza_pipline_docker/nextflow_training_set/work/63/4b2ab0544fa729ba851ee2348c2367]
May-15 17:04:31.372 [Task submitter] DEBUG n.executor.local.LocalTaskHandler - Launch cmd line: /bin/bash -ue .command.run
May-15 17:04:31.372 [Task submitter] INFO  nextflow.Session - [32/4ecebf] Submitted process > output (21)
May-15 17:04:31.491 [Task monitor] DEBUG n.processor.TaskPollingMonitor - Task completed > TaskHandler[id: 43; name: output (12); status: COMPLETED; exit: 0; error: -; workDir: /Users/rasmuskopperudriis/Coding/work/new_influenza_pipline_docker/nextflow_training_set/work/a8/3631ba3c024808410d63d2825c7eaf]
May-15 17:04:31.493 [Task submitter] DEBUG n.executor.local.LocalTaskHandler - Launch cmd line: /bin/bash -ue .command.run
May-15 17:04:31.493 [Task submitter] INFO  nextflow.Session - [34/015410] Submitted process > output (22)
May-15 17:04:31.913 [Task monitor] DEBUG n.processor.TaskPollingMonitor - Task completed > TaskHandler[id: 44; name: output (13); status: COMPLETED; exit: 0; error: -; workDir: /Users/rasmuskopperudriis/Coding/work/new_influenza_pipline_docker/nextflow_training_set/work/62/b1410d473320f4d73cedfe9a96d316]
May-15 17:04:31.915 [Task submitter] DEBUG n.executor.local.LocalTaskHandler - Launch cmd line: /bin/bash -ue .command.run
May-15 17:04:31.915 [Task submitter] INFO  nextflow.Session - [b9/be2c5b] Submitted process > output (15)
May-15 17:04:32.005 [Task monitor] DEBUG n.processor.TaskPollingMonitor - Task completed > TaskHandler[id: 49; name: output (18); status: COMPLETED; exit: 0; error: -; workDir: /Users/rasmuskopperudriis/Coding/work/new_influenza_pipline_docker/nextflow_training_set/work/ca/63c01481d64bf6ccdccff63bb39ca3]
May-15 17:04:32.008 [Task submitter] DEBUG n.executor.local.LocalTaskHandler - Launch cmd line: /bin/bash -ue .command.run
May-15 17:04:32.008 [Task submitter] INFO  nextflow.Session - [cb/48635f] Submitted process > output (17)
May-15 17:04:33.009 [Task monitor] DEBUG n.processor.TaskPollingMonitor - Task completed > TaskHandler[id: 52; name: output (21); status: COMPLETED; exit: 0; error: -; workDir: /Users/rasmuskopperudriis/Coding/work/new_influenza_pipline_docker/nextflow_training_set/work/32/4ecebf57d8c350033a0456fb51b7fb]
May-15 17:04:33.012 [Task submitter] DEBUG n.executor.local.LocalTaskHandler - Launch cmd line: /bin/bash -ue .command.run
May-15 17:04:33.012 [Task submitter] INFO  nextflow.Session - [97/80bdf6] Submitted process > output (19)
May-15 17:04:33.163 [Task monitor] DEBUG n.processor.TaskPollingMonitor - Task completed > TaskHandler[id: 53; name: output (22); status: COMPLETED; exit: 0; error: -; workDir: /Users/rasmuskopperudriis/Coding/work/new_influenza_pipline_docker/nextflow_training_set/work/34/01541055efad05e9e9a882d172ef3a]
May-15 17:04:33.165 [Task submitter] DEBUG n.executor.local.LocalTaskHandler - Launch cmd line: /bin/bash -ue .command.run
May-15 17:04:33.165 [Task submitter] INFO  nextflow.Session - [0a/c41c2f] Submitted process > output (20)
May-15 17:04:33.869 [Task monitor] DEBUG n.processor.TaskPollingMonitor - Task completed > TaskHandler[id: 48; name: output (17); status: COMPLETED; exit: 0; error: -; workDir: /Users/rasmuskopperudriis/Coding/work/new_influenza_pipline_docker/nextflow_training_set/work/cb/48635fcda3714330eb311938a72268]
May-15 17:04:33.896 [Task monitor] DEBUG n.processor.TaskPollingMonitor - Task completed > TaskHandler[id: 46; name: output (15); status: COMPLETED; exit: 0; error: -; workDir: /Users/rasmuskopperudriis/Coding/work/new_influenza_pipline_docker/nextflow_training_set/work/b9/be2c5be969f4c52d5f42a2f8e5239e]
May-15 17:04:34.760 [Task monitor] DEBUG n.processor.TaskPollingMonitor - Task completed > TaskHandler[id: 50; name: output (19); status: COMPLETED; exit: 0; error: -; workDir: /Users/rasmuskopperudriis/Coding/work/new_influenza_pipline_docker/nextflow_training_set/work/97/80bdf666212c4c57b79f6c5fea6d37]
May-15 17:04:34.801 [Task monitor] DEBUG n.processor.TaskPollingMonitor - Task completed > TaskHandler[id: 51; name: output (20); status: COMPLETED; exit: 0; error: -; workDir: /Users/rasmuskopperudriis/Coding/work/new_influenza_pipline_docker/nextflow_training_set/work/0a/c41c2ff2d19cff6fa4f75aff64ac25]
May-15 17:04:34.802 [main] DEBUG nextflow.Session - Session await > all processes finished
May-15 17:04:34.803 [main] DEBUG nextflow.Session - Session await > all barriers passed
May-15 17:04:34.805 [main] DEBUG nextflow.util.ThreadPoolManager - Thread pool 'PublishDir' shutdown completed (hard=false)
May-15 17:04:35.079 [main] DEBUG nextflow.trace.WorkflowStatsObserver - Workflow completed > WorkflowStats[succeededCount=53; failedCount=0; ignoredCount=0; cachedCount=0; pendingCount=0; submittedCount=0; runningCount=0; retriesCount=0; abortedCount=0; succeedDuration=11m 9s; failedDuration=0ms; cachedDuration=0ms;loadCpus=0; loadMemory=0; peakRunning=4; peakCpus=4; peakMemory=0; ]
May-15 17:04:35.080 [main] DEBUG nextflow.trace.TraceFileObserver - Workflow completed -- saving trace file
May-15 17:04:35.082 [main] DEBUG nextflow.trace.ReportObserver - Workflow completed -- rendering execution report
May-15 17:04:35.123 [main] DEBUG nextflow.trace.ReportObserver - Execution report summary data:
  [{"cpuUsage":{"mean":64.7,"min":64.7,"q1":64.7,"q2":64.7,"q3":64.7,"max":64.7,"minLabel":"pipeline:getParams","maxLabel":"pipeline:getParams","q1Label":"pipeline:getParams","q2Label":"pipeline:getParams","q3Label":"pipeline:getParams"},"process":"getParams","mem":null,"memUsage":null,"timeUsage":null,"vmem":null,"reads":{"mean":55667,"min":55667,"q1":55667,"q2":55667,"q3":55667,"max":55667,"minLabel":"pipeline:getParams","maxLabel":"pipeline:getParams","q1Label":"pipeline:getParams","q2Label":"pipeline:getParams","q3Label":"pipeline:getParams"},"cpu":{"mean":64.7,"min":64.7,"q1":64.7,"q2":64.7,"q3":64.7,"max":64.7,"minLabel":"pipeline:getParams","maxLabel":"pipeline:getParams","q1Label":"pipeline:getParams","q2Label":"pipeline:getParams","q3Label":"pipeline:getParams"},"time":{"mean":166,"min":166,"q1":166,"q2":166,"q3":166,"max":166,"minLabel":"pipeline:getParams","maxLabel":"pipeline:getParams","q1Label":"pipeline:getParams","q2Label":"pipeline:getParams","q3Label":"pipeline:getParams"},"writes":{"mean":1438,"min":1438,"q1":1438,"q2":1438,"q3":1438,"max":1438,"minLabel":"pipeline:getParams","maxLabel":"pipeline:getParams","q1Label":"pipeline:getParams","q2Label":"pipeline:getParams","q3Label":"pipeline:getParams"}},{"cpuUsage":{"mean":43.68,"min":36.1,"q1":40.53,"q2":44.3,"q3":47.45,"max":50,"minLabel":"pipeline:combineFastq (3)","maxLabel":"pipeline:combineFastq (2)","q1Label":"pipeline:combineFastq (3)","q2Label":"pipeline:combineFastq (1)","q3Label":"pipeline:combineFastq (4)"},"process":"combineFastq","mem":{"mean":17432576,"min":4616192,"q1":4631552,"q2":15845376,"q3":28646400,"max":33423360,"minLabel":"pipeline:combineFastq (1)","maxLabel":"pipeline:combineFastq (2)","q1Label":"pipeline:combineFastq (1)","q2Label":"pipeline:combineFastq (3)","q3Label":"pipeline:combineFastq (4)"},"memUsage":null,"timeUsage":null,"vmem":{"mean":667373568,"min":151642112,"q1":151642112,"q2":667310080,"q3":1183041536,"max":1183232000,"minLabel":"pipeline:combineFastq (1)","maxLabel":"pipeline:combineFastq (4)","q1Label":"pipeline:combineFastq (1)","q2Label":"pipeline:combineFastq (3)","q3Label":"pipeline:combineFastq (2)"},"reads":{"mean":122116687.5,"min":8431369,"q1":19928521,"q2":106222386,"q3":208410552.5,"max":267590609,"minLabel":"pipeline:combineFastq (1)","maxLabel":"pipeline:combineFastq (2)","q1Label":"pipeline:combineFastq (1)","q2Label":"pipeline:combineFastq (3)","q3Label":"pipeline:combineFastq (4)"},"cpu":{"mean":43.68,"min":36.1,"q1":40.53,"q2":44.3,"q3":47.45,"max":50,"minLabel":"pipeline:combineFastq (3)","maxLabel":"pipeline:combineFastq (2)","q1Label":"pipeline:combineFastq (3)","q2Label":"pipeline:combineFastq (1)","q3Label":"pipeline:combineFastq (4)"},"time":{"mean":7310.5,"min":1425,"q1":2069.25,"q2":6992,"q3":12233.25,"max":13833,"minLabel":"pipeline:combineFastq (1)","maxLabel":"pipeline:combineFastq (2)","q1Label":"pipeline:combineFastq (1)","q2Label":"pipeline:combineFastq (3)","q3Label":"pipeline:combineFastq (4)"},"writes":{"mean":84669305.75,"min":5835090,"q1":13775378.25,"q2":75767753.5,"q3":146661681,"max":181306626,"minLabel":"pipeline:combineFastq (1)","maxLabel":"pipeline:combineFastq (2)","q1Label":"pipeline:combineFastq (1)","q2Label":"pipeline:combineFastq (3)","q3Label":"pipeline:combineFastq (4)"}},{"cpuUsage":{"mean":55,"min":55,"q1":55,"q2":55,"q3":55,"max":55,"minLabel":"pipeline:getVersions","maxLabel":"pipeline:getVersions","q1Label":"pipeline:getVersions","q2Label":"pipeline:getVersions","q3Label":"pipeline:getVersions"},"process":"getVersions","mem":{"mean":61620224,"min":61620224,"q1":61620224,"q2":61620224,"q3":61620224,"max":61620224,"minLabel":"pipeline:getVersions","maxLabel":"pipeline:getVersions","q1Label":"pipeline:getVersions","q2Label":"pipeline:getVersions","q3Label":"pipeline:getVersions"},"memUsage":null,"timeUsage":null,"vmem":{"mean":963969024,"min":963969024,"q1":963969024,"q2":963969024,"q3":963969024,"max":963969024,"minLabel":"pipeline:getVersions","maxLabel":"pipeline:getVersions","q1Label":"pipeline:getVersions","q2Label":"pipeline:getVersions","q3Label":"pipeline:getVersions"},"reads":{"mean":11911137,"min":11911137,"q1":11911137,"q2":11911137,"q3":11911137,"max":11911137,"minLabel":"pipeline:getVersions","maxLabel":"pipeline:getVersions","q1Label":"pipeline:getVersions","q2Label":"pipeline:getVersions","q3Label":"pipeline:getVersions"},"cpu":{"mean":55,"min":55,"q1":55,"q2":55,"q3":55,"max":55,"minLabel":"pipeline:getVersions","maxLabel":"pipeline:getVersions","q1Label":"pipeline:getVersions","q2Label":"pipeline:getVersions","q3Label":"pipeline:getVersions"},"time":{"mean":6744,"min":6744,"q1":6744,"q2":6744,"q3":6744,"max":6744,"minLabel":"pipeline:getVersions","maxLabel":"pipeline:getVersions","q1Label":"pipeline:getVersions","q2Label":"pipeline:getVersions","q3Label":"pipeline:getVersions"},"writes":{"mean":8612001,"min":8612001,"q1":8612001,"q2":8612001,"q3":8612001,"max":8612001,"minLabel":"pipeline:getVersions","maxLabel":"pipeline:getVersions","q1Label":"pipeline:getVersions","q2Label":"pipeline:getVersions","q3Label":"pipeline:getVersions"}},{"cpuUsage":{"mean":68.06,"min":47.6,"q1":61.33,"q2":66.95,"q3":76.5,"max":89.4,"minLabel":"output (1)","maxLabel":"output (4)","q1Label":"output (7)","q2Label":"output (14)","q3Label":"output (22)"},"process":"output","mem":null,"memUsage":null,"timeUsage":null,"vmem":null,"reads":{"mean":54337,"min":54335,"q1":54336,"q2":54337,"q3":54338,"max":54339,"minLabel":"output (14)","maxLabel":"output (10)","q1Label":"output (21)","q2Label":"output (9)","q3Label":"output (5)"},"cpu":{"mean":68.06,"min":47.6,"q1":61.33,"q2":66.95,"q3":76.5,"max":89.4,"minLabel":"output (1)","maxLabel":"output (4)","q1Label":"output (7)","q2Label":"output (14)","q3Label":"output (22)"},"time":{"mean":115.41,"min":77,"q1":95.25,"q2":104,"q3":129.5,"max":258,"minLabel":"output (4)","maxLabel":"output (1)","q1Label":"output (16)","q2Label":"output (13)","q3Label":"output (2)"},"writes":{"mean":202,"min":202,"q1":202,"q2":202,"q3":202,"max":202,"minLabel":"output (1)","maxLabel":"output (20)","q1Label":"output (9)","q2Label":"output (10)","q3Label":"output (18)"}},{"cpuUsage":{"mean":57,"min":46.3,"q1":51.7,"q2":58.25,"q3":63.55,"max":65.2,"minLabel":"pipeline:alignReads (1)","maxLabel":"pipeline:alignReads (4)","q1Label":"pipeline:alignReads (1)","q2Label":"pipeline:alignReads (2)","q3Label":"pipeline:alignReads (3)"},"process":"alignReads","mem":{"mean":122541056,"min":72249344,"q1":80227328,"q2":109774848,"q3":152088576,"max":198365184,"minLabel":"pipeline:alignReads (1)","maxLabel":"pipeline:alignReads (4)","q1Label":"pipeline:alignReads (1)","q2Label":"pipeline:alignReads (2)","q3Label":"pipeline:alignReads (3)"},"memUsage":null,"timeUsage":null,"vmem":{"mean":3065658368,"min":833912832,"q1":841857024,"q2":3030460416,"q3":5254261760,"max":5367799808,"minLabel":"pipeline:alignReads (1)","maxLabel":"pipeline:alignReads (3)","q1Label":"pipeline:alignReads (1)","q2Label":"pipeline:alignReads (2)","q3Label":"pipeline:alignReads (4)"},"reads":{"mean":116640036,"min":19307616,"q1":29229774,"q2":102224333,"q3":189634595,"max":242803862,"minLabel":"pipeline:alignReads (1)","maxLabel":"pipeline:alignReads (4)","q1Label":"pipeline:alignReads (1)","q2Label":"pipeline:alignReads (2)","q3Label":"pipeline:alignReads (3)"},"cpu":{"mean":114,"min":92.6,"q1":103.4,"q2":116.5,"q3":127.1,"max":130.4,"minLabel":"pipeline:alignReads (1)","maxLabel":"pipeline:alignReads (4)","q1Label":"pipeline:alignReads (1)","q2Label":"pipeline:alignReads (2)","q3Label":"pipeline:alignReads (3)"},"time":{"mean":8283.25,"min":3368,"q1":3466.25,"q2":6975,"q3":11792,"max":15815,"minLabel":"pipeline:alignReads (2)","maxLabel":"pipeline:alignReads (4)","q1Label":"pipeline:alignReads (2)","q2Label":"pipeline:alignReads (1)","q3Label":"pipeline:alignReads (3)"},"writes":{"mean":90259505.5,"min":15009954,"q1":22602196.5,"q2":78478121.5,"q3":146135430.5,"max":189071825,"minLabel":"pipeline:alignReads (1)","maxLabel":"pipeline:alignReads (4)","q1Label":"pipeline:alignReads (1)","q2Label":"pipeline:alignReads (2)","q3Label":"pipeline:alignReads (3)"}},{"cpuUsage":{"mean":34.91,"min":27.05,"q1":30.8,"q2":35.7,"q3":39.81,"max":41.2,"minLabel":"pipeline:coverageCalc (2)","maxLabel":"pipeline:coverageCalc (4)","q1Label":"pipeline:coverageCalc (2)","q2Label":"pipeline:coverageCalc (1)","q3Label":"pipeline:coverageCalc (3)"},"process":"coverageCalc","mem":{"mean":5914624,"min":4653056,"q1":4659200,"q2":4665344,"q3":5920768,"max":9674752,"minLabel":"pipeline:coverageCalc (3)","maxLabel":"pipeline:coverageCalc (4)","q1Label":"pipeline:coverageCalc (3)","q2Label":"pipeline:coverageCalc (2)","q3Label":"pipeline:coverageCalc (1)"},"memUsage":null,"timeUsage":null,"vmem":{"mean":189763584,"min":151654400,"q1":151654400,"q2":151654400,"q3":189763584,"max":304091136,"minLabel":"pipeline:coverageCalc (1)","maxLabel":"pipeline:coverageCalc (4)","q1Label":"pipeline:coverageCalc (1)","q2Label":"pipeline:coverageCalc (2)","q3Label":"pipeline:coverageCalc (3)"},"reads":{"mean":13234558.5,"min":973397,"q1":2268791.75,"q2":11428796.5,"q3":22394563.25,"max":29107244,"minLabel":"pipeline:coverageCalc (1)","maxLabel":"pipeline:coverageCalc (4)","q1Label":"pipeline:coverageCalc (1)","q2Label":"pipeline:coverageCalc (2)","q3Label":"pipeline:coverageCalc (3)"},"cpu":{"mean":69.82,"min":54.1,"q1":61.6,"q2":71.4,"q3":79.63,"max":82.4,"minLabel":"pipeline:coverageCalc (2)","maxLabel":"pipeline:coverageCalc (4)","q1Label":"pipeline:coverageCalc (2)","q2Label":"pipeline:coverageCalc (1)","q3Label":"pipeline:coverageCalc (3)"},"time":{"mean":294,"min":210,"q1":213,"q2":283,"q3":364,"max":400,"minLabel":"pipeline:coverageCalc (2)","maxLabel":"pipeline:coverageCalc (4)","q1Label":"pipeline:coverageCalc (2)","q2Label":"pipeline:coverageCalc (1)","q3Label":"pipeline:coverageCalc (3)"},"writes":{"mean":1084740.25,"min":1070405,"q1":1070729,"q2":1083619,"q3":1097630.25,"max":1101318,"minLabel":"pipeline:coverageCalc (2)","maxLabel":"pipeline:coverageCalc (4)","q1Label":"pipeline:coverageCalc (2)","q2Label":"pipeline:coverageCalc (1)","q3Label":"pipeline:coverageCalc (3)"}},{"cpuUsage":{"mean":34.21,"min":25.45,"q1":29.46,"q2":33.78,"q3":38.53,"max":43.85,"minLabel":"pipeline:downSample (4)","maxLabel":"pipeline:downSample (1)","q1Label":"pipeline:downSample (4)","q2Label":"pipeline:downSample (3)","q3Label":"pipeline:downSample (2)"},"process":"downSample","mem":{"mean":8999936,"min":5402624,"q1":5454848,"q2":8108032,"q3":11653120,"max":14381056,"minLabel":"pipeline:downSample (1)","maxLabel":"pipeline:downSample (4)","q1Label":"pipeline:downSample (1)","q2Label":"pipeline:downSample (2)","q3Label":"pipeline:downSample (3)"},"memUsage":null,"timeUsage":null,"vmem":{"mean":265611264,"min":151822336,"q1":151834624,"q2":228136960,"q3":341913600,"max":454348800,"minLabel":"pipeline:downSample (1)","maxLabel":"pipeline:downSample (4)","q1Label":"pipeline:downSample (1)","q2Label":"pipeline:downSample (2)","q3Label":"pipeline:downSample (3)"},"reads":{"mean":196198138.5,"min":24552690,"q1":48100458,"q2":170591479,"q3":318689159.5,"max":419056906,"minLabel":"pipeline:downSample (1)","maxLabel":"pipeline:downSample (4)","q1Label":"pipeline:downSample (1)","q2Label":"pipeline:downSample (2)","q3Label":"pipeline:downSample (3)"},"cpu":{"mean":68.43,"min":50.9,"q1":58.93,"q2":67.55,"q3":77.05,"max":87.7,"minLabel":"pipeline:downSample (4)","maxLabel":"pipeline:downSample (1)","q1Label":"pipeline:downSample (4)","q2Label":"pipeline:downSample (3)","q3Label":"pipeline:downSample (2)"},"time":{"mean":16477.5,"min":9987,"q1":10899,"q2":14949,"q3":20527.5,"max":26025,"minLabel":"pipeline:downSample (1)","maxLabel":"pipeline:downSample (4)","q1Label":"pipeline:downSample (1)","q2Label":"pipeline:downSample (2)","q3Label":"pipeline:downSample (3)"},"writes":{"mean":157140144.5,"min":15829338,"q1":35012268.75,"q2":134382677.5,"q3":256510553.25,"max":343965885,"minLabel":"pipeline:downSample (1)","maxLabel":"pipeline:downSample (4)","q1Label":"pipeline:downSample (1)","q2Label":"pipeline:downSample (2)","q3Label":"pipeline:downSample (3)"}},{"cpuUsage":{"mean":49.18,"min":47.85,"q1":48.9,"q2":49.5,"q3":49.78,"max":49.85,"minLabel":"pipeline:medakaVariants (1)","maxLabel":"pipeline:medakaVariants (3)","q1Label":"pipeline:medakaVariants (1)","q2Label":"pipeline:medakaVariants (4)","q3Label":"pipeline:medakaVariants (2)"},"process":"medakaVariants","mem":{"mean":484026368,"min":461086720,"q1":474112000,"q2":488351744,"q3":498266112,"max":498315264,"minLabel":"pipeline:medakaVariants (1)","maxLabel":"pipeline:medakaVariants (3)","q1Label":"pipeline:medakaVariants (1)","q2Label":"pipeline:medakaVariants (2)","q3Label":"pipeline:medakaVariants (4)"},"memUsage":null,"timeUsage":null,"vmem":{"mean":2313572352,"min":2169573376,"q1":2188327936,"q2":2305810432,"q3":2431054848,"max":2473095168,"minLabel":"pipeline:medakaVariants (1)","maxLabel":"pipeline:medakaVariants (4)","q1Label":"pipeline:medakaVariants (1)","q2Label":"pipeline:medakaVariants (2)","q3Label":"pipeline:medakaVariants (3)"},"reads":{"mean":175773934.75,"min":165541998,"q1":166233045.75,"q2":175899729.5,"q3":185440618.5,"max":185754282,"minLabel":"pipeline:medakaVariants (1)","maxLabel":"pipeline:medakaVariants (4)","q1Label":"pipeline:medakaVariants (1)","q2Label":"pipeline:medakaVariants (2)","q3Label":"pipeline:medakaVariants (3)"},"cpu":{"mean":98.35,"min":95.7,"q1":97.8,"q2":99,"q3":99.55,"max":99.7,"minLabel":"pipeline:medakaVariants (1)","maxLabel":"pipeline:medakaVariants (3)","q1Label":"pipeline:medakaVariants (1)","q2Label":"pipeline:medakaVariants (4)","q3Label":"pipeline:medakaVariants (2)"},"time":{"mean":51462.75,"min":33079,"q1":40380.25,"q2":52903,"q3":63985.5,"max":66966,"minLabel":"pipeline:medakaVariants (2)","maxLabel":"pipeline:medakaVariants (4)","q1Label":"pipeline:medakaVariants (2)","q2Label":"pipeline:medakaVariants (1)","q3Label":"pipeline:medakaVariants (3)"},"writes":{"mean":49396284.75,"min":47968418,"q1":48666464.75,"q2":49238571.5,"q3":49968391.5,"max":51139578,"minLabel":"pipeline:medakaVariants (2)","maxLabel":"pipeline:medakaVariants (4)","q1Label":"pipeline:medakaVariants (2)","q2Label":"pipeline:medakaVariants (1)","q3Label":"pipeline:medakaVariants (3)"}},{"cpuUsage":{"mean":47.98,"min":46.05,"q1":46.2,"q2":47.23,"q3":49,"max":51.4,"minLabel":"pipeline:makeConsensus (1)","maxLabel":"pipeline:makeConsensus (4)","q1Label":"pipeline:makeConsensus (1)","q2Label":"pipeline:makeConsensus (2)","q3Label":"pipeline:makeConsensus (3)"},"process":"makeConsensus","mem":{"mean":4708352,"min":4706304,"q1":4706304,"q2":4708352,"q3":4710400,"max":4710400,"minLabel":"pipeline:makeConsensus (3)","maxLabel":"pipeline:makeConsensus (2)","q1Label":"pipeline:makeConsensus (3)","q2Label":"pipeline:makeConsensus (4)","q3Label":"pipeline:makeConsensus (1)"},"memUsage":null,"timeUsage":null,"vmem":{"mean":151658496,"min":151658496,"q1":151658496,"q2":151658496,"q3":151658496,"max":151658496,"minLabel":"pipeline:makeConsensus (1)","maxLabel":"pipeline:makeConsensus (4)","q1Label":"pipeline:makeConsensus (1)","q2Label":"pipeline:makeConsensus (2)","q3Label":"pipeline:makeConsensus (3)"},"reads":{"mean":2252668.5,"min":2102974,"q1":2125390.75,"q2":2170136,"q3":2297413.75,"max":2567428,"minLabel":"pipeline:makeConsensus (1)","maxLabel":"pipeline:makeConsensus (4)","q1Label":"pipeline:makeConsensus (1)","q2Label":"pipeline:makeConsensus (2)","q3Label":"pipeline:makeConsensus (3)"},"cpu":{"mean":95.95,"min":92.1,"q1":92.4,"q2":94.45,"q3":98,"max":102.8,"minLabel":"pipeline:makeConsensus (1)","maxLabel":"pipeline:makeConsensus (4)","q1Label":"pipeline:makeConsensus (1)","q2Label":"pipeline:makeConsensus (2)","q3Label":"pipeline:makeConsensus (3)"},"time":{"mean":329.25,"min":296,"q1":320,"q2":330,"q3":339.25,"max":361,"minLabel":"pipeline:makeConsensus (2)","maxLabel":"pipeline:makeConsensus (4)","q1Label":"pipeline:makeConsensus (2)","q2Label":"pipeline:makeConsensus (3)","q3Label":"pipeline:makeConsensus (1)"},"writes":{"mean":887583,"min":819998,"q1":851521.25,"q2":889303.5,"q3":925365.25,"max":951727,"minLabel":"pipeline:makeConsensus (4)","maxLabel":"pipeline:makeConsensus (2)","q1Label":"pipeline:makeConsensus (4)","q2Label":"pipeline:makeConsensus (3)","q3Label":"pipeline:makeConsensus (1)"}},{"cpuUsage":{"mean":49.45,"min":48.55,"q1":48.85,"q2":48.98,"q3":49.58,"max":51.3,"minLabel":"pipeline:typeFlu (4)","maxLabel":"pipeline:typeFlu (2)","q1Label":"pipeline:typeFlu (4)","q2Label":"pipeline:typeFlu (1)","q3Label":"pipeline:typeFlu (3)"},"process":"typeFlu","mem":{"mean":4624384,"min":4571136,"q1":4620288,"q2":4640768,"q3":4644864,"max":4644864,"minLabel":"pipeline:typeFlu (1)","maxLabel":"pipeline:typeFlu (4)","q1Label":"pipeline:typeFlu (1)","q2Label":"pipeline:typeFlu (2)","q3Label":"pipeline:typeFlu (3)"},"memUsage":null,"timeUsage":null,"vmem":{"mean":151642112,"min":151642112,"q1":151642112,"q2":151642112,"q3":151642112,"max":151642112,"minLabel":"pipeline:typeFlu (1)","maxLabel":"pipeline:typeFlu (4)","q1Label":"pipeline:typeFlu (1)","q2Label":"pipeline:typeFlu (2)","q3Label":"pipeline:typeFlu (3)"},"reads":{"mean":2097658.25,"min":2097390,"q1":2097572.25,"q2":2097684.5,"q3":2097770.5,"max":2097874,"minLabel":"pipeline:typeFlu (2)","maxLabel":"pipeline:typeFlu (4)","q1Label":"pipeline:typeFlu (2)","q2Label":"pipeline:typeFlu (3)","q3Label":"pipeline:typeFlu (1)"},"cpu":{"mean":98.9,"min":97.1,"q1":97.7,"q2":97.95,"q3":99.15,"max":102.6,"minLabel":"pipeline:typeFlu (4)","maxLabel":"pipeline:typeFlu (2)","q1Label":"pipeline:typeFlu (4)","q2Label":"pipeline:typeFlu (1)","q3Label":"pipeline:typeFlu (3)"},"time":{"mean":1171.25,"min":1059,"q1":1136.25,"q2":1184,"q3":1219,"max":1258,"minLabel":"pipeline:typeFlu (2)","maxLabel":"pipeline:typeFlu (1)","q1Label":"pipeline:typeFlu (2)","q2Label":"pipeline:typeFlu (3)","q3Label":"pipeline:typeFlu (4)"},"writes":{"mean":77731.75,"min":77026,"q1":77495.5,"q2":77728.5,"q3":77964.75,"max":78444,"minLabel":"pipeline:typeFlu (2)","maxLabel":"pipeline:typeFlu (4)","q1Label":"pipeline:typeFlu (2)","q2Label":"pipeline:typeFlu (3)","q3Label":"pipeline:typeFlu (1)"}},{"cpuUsage":{"mean":64.8,"min":64.8,"q1":64.8,"q2":64.8,"q3":64.8,"max":64.8,"minLabel":"pipeline:makeReport","maxLabel":"pipeline:makeReport","q1Label":"pipeline:makeReport","q2Label":"pipeline:makeReport","q3Label":"pipeline:makeReport"},"process":"makeReport","mem":{"mean":156053504,"min":156053504,"q1":156053504,"q2":156053504,"q3":156053504,"max":156053504,"minLabel":"pipeline:makeReport","maxLabel":"pipeline:makeReport","q1Label":"pipeline:makeReport","q2Label":"pipeline:makeReport","q3Label":"pipeline:makeReport"},"memUsage":null,"timeUsage":null,"vmem":{"mean":929181696,"min":929181696,"q1":929181696,"q2":929181696,"q3":929181696,"max":929181696,"minLabel":"pipeline:makeReport","maxLabel":"pipeline:makeReport","q1Label":"pipeline:makeReport","q2Label":"pipeline:makeReport","q3Label":"pipeline:makeReport"},"reads":{"mean":44742259,"min":44742259,"q1":44742259,"q2":44742259,"q3":44742259,"max":44742259,"minLabel":"pipeline:makeReport","maxLabel":"pipeline:makeReport","q1Label":"pipeline:makeReport","q2Label":"pipeline:makeReport","q3Label":"pipeline:makeReport"},"cpu":{"mean":64.8,"min":64.8,"q1":64.8,"q2":64.8,"q3":64.8,"max":64.8,"minLabel":"pipeline:makeReport","maxLabel":"pipeline:makeReport","q1Label":"pipeline:makeReport","q2Label":"pipeline:makeReport","q3Label":"pipeline:makeReport"},"time":{"mean":6099,"min":6099,"q1":6099,"q2":6099,"q3":6099,"max":6099,"minLabel":"pipeline:makeReport","maxLabel":"pipeline:makeReport","q1Label":"pipeline:makeReport","q2Label":"pipeline:makeReport","q3Label":"pipeline:makeReport"},"writes":{"mean":22544732,"min":22544732,"q1":22544732,"q2":22544732,"q3":22544732,"max":22544732,"minLabel":"pipeline:makeReport","maxLabel":"pipeline:makeReport","q1Label":"pipeline:makeReport","q2Label":"pipeline:makeReport","q3Label":"pipeline:makeReport"}}]
May-15 17:04:36.018 [main] DEBUG nextflow.trace.TimelineObserver - Workflow completed -- rendering execution timeline
May-15 17:04:36.146 [main] DEBUG nextflow.cache.CacheDB - Closing CacheDB done
May-15 17:04:36.157 [main] DEBUG nextflow.util.ThreadPoolManager - Thread pool 'FileTransfer' shutdown completed (hard=false)
May-15 17:04:36.158 [main] DEBUG nextflow.script.ScriptRunner - > Execution complete -- Goodbye
